<?xml version="1.0" encoding="UTF-8"?>
<testsuite xmlns:xsi="http://www.w3.org/2001/XMLSchema-instance" xsi:noNamespaceSchemaLocation="https://maven.apache.org/surefire/maven-surefire-plugin/xsd/surefire-test-report.xsd" name="pl.edu.pjatk.tau.service.ComputerServiceTest" time="0.217" tests="10" errors="10" skipped="0" failures="0">
  <properties>
    <property name="java.runtime.name" value="Java(TM) SE Runtime Environment"/>
    <property name="sun.boot.library.path" value="/usr/lib/jvm/java-7-oracle/jre/lib/amd64"/>
    <property name="java.vm.version" value="24.65-b04"/>
    <property name="java.vm.vendor" value="Oracle Corporation"/>
    <property name="java.vendor.url" value="http://java.oracle.com/"/>
    <property name="path.separator" value=":"/>
    <property name="guice.disable.misplaced.annotation.check" value="true"/>
    <property name="java.vm.name" value="Java HotSpot(TM) 64-Bit Server VM"/>
    <property name="file.encoding.pkg" value="sun.io"/>
    <property name="user.country" value="PL"/>
    <property name="sun.java.launcher" value="SUN_STANDARD"/>
    <property name="sun.os.patch.level" value="unknown"/>
    <property name="java.vm.specification.name" value="Java Virtual Machine Specification"/>
    <property name="user.dir" value="/home/PJWSTK/s12882/workspace/TAU/TAU/lab10"/>
    <property name="java.runtime.version" value="1.7.0_67-b01"/>
    <property name="java.awt.graphicsenv" value="sun.awt.X11GraphicsEnvironment"/>
    <property name="java.endorsed.dirs" value="/usr/lib/jvm/java-7-oracle/jre/lib/endorsed"/>
    <property name="os.arch" value="amd64"/>
    <property name="java.io.tmpdir" value="/tmp"/>
    <property name="line.separator" value="&#10;"/>
    <property name="java.vm.specification.vendor" value="Oracle Corporation"/>
    <property name="os.name" value="Linux"/>
    <property name="classworlds.conf" value="/usr/share/maven/bin/m2.conf"/>
    <property name="sun.jnu.encoding" value="UTF-8"/>
    <property name="java.library.path" value="/usr/java/packages/lib/amd64:/usr/lib64:/lib64:/lib:/usr/lib"/>
    <property name="java.specification.name" value="Java Platform API Specification"/>
    <property name="java.class.version" value="51.0"/>
    <property name="sun.management.compiler" value="HotSpot 64-Bit Tiered Compilers"/>
    <property name="os.version" value="3.2.0-126-generic"/>
    <property name="user.home" value="/home/PJWSTK/s12882"/>
    <property name="user.timezone" value="Europe/Warsaw"/>
    <property name="java.awt.printerjob" value="sun.print.PSPrinterJob"/>
    <property name="file.encoding" value="UTF-8"/>
    <property name="java.specification.version" value="1.7"/>
    <property name="user.name" value="s12882"/>
    <property name="java.class.path" value="/usr/share/maven/boot/plexus-classworlds-2.x.jar"/>
    <property name="java.vm.specification.version" value="1.7"/>
    <property name="sun.arch.data.model" value="64"/>
    <property name="java.home" value="/usr/lib/jvm/java-7-oracle/jre"/>
    <property name="sun.java.command" value="org.codehaus.plexus.classworlds.launcher.Launcher install"/>
    <property name="java.specification.vendor" value="Oracle Corporation"/>
    <property name="user.language" value="pl"/>
    <property name="awt.toolkit" value="sun.awt.X11.XToolkit"/>
    <property name="java.vm.info" value="mixed mode"/>
    <property name="java.version" value="1.7.0_67"/>
    <property name="java.ext.dirs" value="/usr/lib/jvm/java-7-oracle/jre/lib/ext:/usr/java/packages/lib/ext"/>
    <property name="securerandom.source" value="file:/dev/./urandom"/>
    <property name="sun.boot.class.path" value="/usr/lib/jvm/java-7-oracle/jre/lib/resources.jar:/usr/lib/jvm/java-7-oracle/jre/lib/rt.jar:/usr/lib/jvm/java-7-oracle/jre/lib/sunrsasign.jar:/usr/lib/jvm/java-7-oracle/jre/lib/jsse.jar:/usr/lib/jvm/java-7-oracle/jre/lib/jce.jar:/usr/lib/jvm/java-7-oracle/jre/lib/charsets.jar:/usr/lib/jvm/java-7-oracle/jre/lib/jfr.jar:/usr/lib/jvm/java-7-oracle/jre/classes"/>
    <property name="java.vendor" value="Oracle Corporation"/>
    <property name="maven.home" value="/usr/share/maven"/>
    <property name="file.separator" value="/"/>
    <property name="java.vendor.url.bug" value="http://bugreport.sun.com/bugreport/"/>
    <property name="sun.cpu.endian" value="little"/>
    <property name="sun.io.unicode.encoding" value="UnicodeLittle"/>
    <property name="sun.desktop" value="gnome"/>
    <property name="sun.cpu.isalist" value=""/>
  </properties>
  <testcase name="addingTest" classname="pl.edu.pjatk.tau.service.ComputerServiceTest" time="0.043">
    <error message="driverClass is null" type="org.dbunit.assertion.DbAssertionFailedError">org.dbunit.assertion.DbAssertionFailedError: driverClass is null
	at pl.edu.pjatk.tau.service.ComputerServiceTest.setUp(ComputerServiceTest.java:61)
</error>
    <system-err><![CDATA[SLF4J: Failed to load class "org.slf4j.impl.StaticLoggerBinder".
SLF4J: Defaulting to no-operation (NOP) logger implementation
SLF4J: See http://www.slf4j.org/codes.html#StaticLoggerBinder for further details.
]]></system-err>
  </testcase>
  <testcase name="addingTest" classname="pl.edu.pjatk.tau.service.ComputerServiceTest" time="0.044">
    <error message="driverClass is null" type="org.dbunit.assertion.DbAssertionFailedError">org.dbunit.assertion.DbAssertionFailedError: driverClass is null
	at pl.edu.pjatk.tau.service.ComputerServiceTest.tearDown(ComputerServiceTest.java:67)
</error>
  </testcase>
  <testcase name="updateTest" classname="pl.edu.pjatk.tau.service.ComputerServiceTest" time="0.009">
    <error message="driverClass is null" type="org.dbunit.assertion.DbAssertionFailedError">org.dbunit.assertion.DbAssertionFailedError: driverClass is null
	at pl.edu.pjatk.tau.service.ComputerServiceTest.setUp(ComputerServiceTest.java:61)
</error>
  </testcase>
  <testcase name="updateTest" classname="pl.edu.pjatk.tau.service.ComputerServiceTest" time="0.01">
    <error message="driverClass is null" type="org.dbunit.assertion.DbAssertionFailedError">org.dbunit.assertion.DbAssertionFailedError: driverClass is null
	at pl.edu.pjatk.tau.service.ComputerServiceTest.tearDown(ComputerServiceTest.java:67)
</error>
  </testcase>
  <testcase name="getComputerTest" classname="pl.edu.pjatk.tau.service.ComputerServiceTest" time="0">
    <error message="driverClass is null" type="org.dbunit.assertion.DbAssertionFailedError">org.dbunit.assertion.DbAssertionFailedError: driverClass is null
	at pl.edu.pjatk.tau.service.ComputerServiceTest.setUp(ComputerServiceTest.java:61)
</error>
  </testcase>
  <testcase name="getComputerTest" classname="pl.edu.pjatk.tau.service.ComputerServiceTest" time="0">
    <error message="driverClass is null" type="org.dbunit.assertion.DbAssertionFailedError">org.dbunit.assertion.DbAssertionFailedError: driverClass is null
	at pl.edu.pjatk.tau.service.ComputerServiceTest.tearDown(ComputerServiceTest.java:67)
</error>
  </testcase>
  <testcase name="checkConnection" classname="pl.edu.pjatk.tau.service.ComputerServiceTest" time="0">
    <error message="driverClass is null" type="org.dbunit.assertion.DbAssertionFailedError">org.dbunit.assertion.DbAssertionFailedError: driverClass is null
	at pl.edu.pjatk.tau.service.ComputerServiceTest.setUp(ComputerServiceTest.java:61)
</error>
  </testcase>
  <testcase name="checkConnection" classname="pl.edu.pjatk.tau.service.ComputerServiceTest" time="0.001">
    <error message="driverClass is null" type="org.dbunit.assertion.DbAssertionFailedError">org.dbunit.assertion.DbAssertionFailedError: driverClass is null
	at pl.edu.pjatk.tau.service.ComputerServiceTest.tearDown(ComputerServiceTest.java:67)
</error>
  </testcase>
  <testcase name="deleteTest" classname="pl.edu.pjatk.tau.service.ComputerServiceTest" time="0.001">
    <error message="driverClass is null" type="org.dbunit.assertion.DbAssertionFailedError">org.dbunit.assertion.DbAssertionFailedError: driverClass is null
	at pl.edu.pjatk.tau.service.ComputerServiceTest.setUp(ComputerServiceTest.java:61)
</error>
  </testcase>
  <testcase name="deleteTest" classname="pl.edu.pjatk.tau.service.ComputerServiceTest" time="0.002">
    <error message="driverClass is null" type="org.dbunit.assertion.DbAssertionFailedError">org.dbunit.assertion.DbAssertionFailedError: driverClass is null
	at pl.edu.pjatk.tau.service.ComputerServiceTest.tearDown(ComputerServiceTest.java:67)
</error>
  </testcase>
</testsuite>